2025-08-14 10:59:15.091|SYSTEM|SESSION|NULL|SESSION_START|0
2025-08-14 10:59:15.104|C0001|main|NULL|QUEUED|0
2025-08-14 10:59:15.104|C0002|main|NULL|QUEUED|0
2025-08-14 10:59:15.104|C0003|main|NULL|QUEUED|0
2025-08-14 10:59:15.104|C0004|main|NULL|QUEUED|0
2025-08-14 10:59:15.104|C0005|main|NULL|QUEUED|0
2025-08-14 10:59:15.104|C0006|main|NULL|QUEUED|0
2025-08-14 10:59:15.104|C0007|main|NULL|QUEUED|0
2025-08-14 10:59:15.104|C0008|main|NULL|QUEUED|0
2025-08-14 10:59:15.104|C0009|main|NULL|QUEUED|0
2025-08-14 10:59:15.104|C0010|main|NULL|QUEUED|0
2025-08-14 10:59:15.104|C0011|main|NULL|QUEUED|0
2025-08-14 10:59:15.104|C0012|main|NULL|QUEUED|0
2025-08-14 10:59:15.105|C0013|main|NULL|QUEUED|0
2025-08-14 10:59:15.105|C0014|main|NULL|QUEUED|0
2025-08-14 10:59:15.105|C0015|main|NULL|QUEUED|0
2025-08-14 10:59:15.105|C0016|main|NULL|QUEUED|0
2025-08-14 10:59:15.105|C0017|main|NULL|QUEUED|0
2025-08-14 10:59:15.105|C0018|main|NULL|QUEUED|0
2025-08-14 10:59:15.105|C0019|main|NULL|QUEUED|0
2025-08-14 10:59:15.105|C0020|main|NULL|QUEUED|0
2025-08-14 10:59:15.105|C0021|main|NULL|QUEUED|0
2025-08-14 10:59:15.105|C0022|main|NULL|QUEUED|0
2025-08-14 10:59:15.105|C0023|main|NULL|QUEUED|0
2025-08-14 10:59:15.105|C0002|ClaimWorker-13205396964083|PENDING|PROCESSING|1
2025-08-14 10:59:15.105|C0004|ClaimWorker-13205397183125|PENDING|PROCESSING|1
2025-08-14 10:59:15.105|C0008|ClaimWorker-13205397374375|PENDING|PROCESSING|1
2025-08-14 10:59:15.105|C0001|ClaimWorker-13205396096625|PENDING|PROCESSING|1
2025-08-14 10:59:15.105|C0005|ClaimWorker-13205397111375|PENDING|PROCESSING|1
2025-08-14 10:59:15.105|C0003|ClaimWorker-13205397038291|PENDING|PROCESSING|1
2025-08-14 10:59:15.106|C0006|ClaimWorker-13205397247458|PENDING|PROCESSING|1
2025-08-14 10:59:15.106|C0007|ClaimWorker-13205397315458|PENDING|PROCESSING|1
2025-08-14 10:59:15.106|C0024|main|NULL|QUEUED|0
2025-08-14 10:59:15.106|C0025|main|NULL|QUEUED|0
2025-08-14 10:59:15.106|C0026|main|NULL|QUEUED|0
2025-08-14 10:59:15.106|C0027|main|NULL|QUEUED|0
2025-08-14 10:59:15.106|C0028|main|NULL|QUEUED|0
2025-08-14 10:59:15.106|C0029|main|NULL|QUEUED|0
2025-08-14 10:59:15.106|C0030|main|NULL|QUEUED|0
2025-08-14 10:59:15.106|C0031|main|NULL|QUEUED|0
2025-08-14 10:59:15.106|C0032|main|NULL|QUEUED|0
2025-08-14 10:59:15.106|C0033|main|NULL|QUEUED|0
2025-08-14 10:59:15.106|C0034|main|NULL|QUEUED|0
2025-08-14 10:59:15.106|C0035|main|NULL|QUEUED|0
2025-08-14 10:59:15.106|C0036|main|NULL|QUEUED|0
2025-08-14 10:59:15.106|C0037|main|NULL|QUEUED|0
2025-08-14 10:59:15.106|C0038|main|NULL|QUEUED|0
2025-08-14 10:59:15.106|C0039|main|NULL|QUEUED|0
2025-08-14 10:59:15.106|C0040|main|NULL|QUEUED|0
2025-08-14 10:59:15.107|C0041|main|NULL|QUEUED|0
2025-08-14 10:59:15.107|C0042|main|NULL|QUEUED|0
2025-08-14 10:59:15.107|C0043|main|NULL|QUEUED|0
2025-08-14 10:59:15.107|C0044|main|NULL|QUEUED|0
2025-08-14 10:59:15.107|C0045|main|NULL|QUEUED|0
2025-08-14 10:59:15.107|C0046|main|NULL|QUEUED|0
2025-08-14 10:59:15.107|C0047|main|NULL|QUEUED|0
2025-08-14 10:59:15.107|C0048|main|NULL|QUEUED|0
2025-08-14 10:59:15.107|C0049|main|NULL|QUEUED|0
2025-08-14 10:59:15.107|C0050|main|NULL|QUEUED|0
2025-08-14 10:59:15.107|C0051|main|NULL|QUEUED|0
2025-08-14 10:59:15.107|C0052|main|NULL|QUEUED|0
2025-08-14 10:59:15.107|C0053|main|NULL|QUEUED|0
2025-08-14 10:59:15.107|C0054|main|NULL|QUEUED|0
2025-08-14 10:59:15.107|C0055|main|NULL|QUEUED|0
2025-08-14 10:59:15.107|C0056|main|NULL|QUEUED|0
2025-08-14 10:59:15.107|C0057|main|NULL|QUEUED|0
2025-08-14 10:59:15.107|C0058|main|NULL|QUEUED|0
2025-08-14 10:59:15.107|C0059|main|NULL|QUEUED|0
2025-08-14 10:59:15.107|C0060|main|NULL|QUEUED|0
2025-08-14 10:59:15.107|C0061|main|NULL|QUEUED|0
2025-08-14 10:59:15.107|C0062|main|NULL|QUEUED|0
2025-08-14 10:59:15.107|C0063|main|NULL|QUEUED|0
2025-08-14 10:59:15.107|C0064|main|NULL|QUEUED|0
2025-08-14 10:59:15.108|C0065|main|NULL|QUEUED|0
2025-08-14 10:59:15.108|C0066|main|NULL|QUEUED|0
2025-08-14 10:59:15.108|C0067|main|NULL|QUEUED|0
2025-08-14 10:59:15.108|C0068|main|NULL|QUEUED|0
2025-08-14 10:59:15.108|C0069|main|NULL|QUEUED|0
2025-08-14 10:59:15.108|C0070|main|NULL|QUEUED|0
2025-08-14 10:59:15.108|C0071|main|NULL|QUEUED|0
2025-08-14 10:59:15.108|C0072|main|NULL|QUEUED|0
2025-08-14 10:59:15.108|C0073|main|NULL|QUEUED|0
2025-08-14 10:59:15.108|C0074|main|NULL|QUEUED|0
2025-08-14 10:59:15.108|C0075|main|NULL|QUEUED|0
2025-08-14 10:59:15.108|C0076|main|NULL|QUEUED|0
2025-08-14 10:59:15.108|C0077|main|NULL|QUEUED|0
2025-08-14 10:59:15.108|C0078|main|NULL|QUEUED|0
2025-08-14 10:59:15.108|C0079|main|NULL|QUEUED|0
2025-08-14 10:59:15.108|C0080|main|NULL|QUEUED|0
2025-08-14 10:59:15.108|C0081|main|NULL|QUEUED|0
2025-08-14 10:59:15.108|C0082|main|NULL|QUEUED|0
2025-08-14 10:59:15.108|C0083|main|NULL|QUEUED|0
2025-08-14 10:59:15.108|C0084|main|NULL|QUEUED|0
2025-08-14 10:59:15.108|C0085|main|NULL|QUEUED|0
2025-08-14 10:59:15.108|C0086|main|NULL|QUEUED|0
2025-08-14 10:59:15.108|C0087|main|NULL|QUEUED|0
2025-08-14 10:59:15.108|C0088|main|NULL|QUEUED|0
2025-08-14 10:59:15.108|C0089|main|NULL|QUEUED|0
2025-08-14 10:59:15.108|C0090|main|NULL|QUEUED|0
2025-08-14 10:59:15.108|C0091|main|NULL|QUEUED|0
2025-08-14 10:59:15.108|C0092|main|NULL|QUEUED|0
2025-08-14 10:59:15.108|C0093|main|NULL|QUEUED|0
2025-08-14 10:59:15.108|C0094|main|NULL|QUEUED|0
2025-08-14 10:59:15.108|C0095|main|NULL|QUEUED|0
2025-08-14 10:59:15.109|C0096|main|NULL|QUEUED|0
2025-08-14 10:59:15.109|C0097|main|NULL|QUEUED|0
2025-08-14 10:59:15.109|C0098|main|NULL|QUEUED|0
2025-08-14 10:59:15.109|C0099|main|NULL|QUEUED|0
2025-08-14 10:59:15.109|C0100|main|NULL|QUEUED|0
2025-08-14 10:59:15.109|C0101|main|NULL|QUEUED|0
2025-08-14 10:59:15.109|C0102|main|NULL|QUEUED|0
2025-08-14 10:59:15.109|C0103|main|NULL|QUEUED|0
2025-08-14 10:59:15.109|C0104|main|NULL|QUEUED|0
2025-08-14 10:59:15.109|C0105|main|NULL|QUEUED|0
2025-08-14 10:59:15.109|C0106|main|NULL|QUEUED|0
2025-08-14 10:59:15.109|C0107|main|NULL|QUEUED|0
2025-08-14 10:59:15.109|C0108|main|NULL|QUEUED|0
2025-08-14 10:59:17.991|C0003|ClaimWorker-13205397038291|PROCESSING|REJECTED|1
2025-08-14 10:59:17.992|C0109|main|NULL|QUEUED|0
2025-08-14 10:59:17.992|C0009|ClaimWorker-13205397038291|PENDING|PROCESSING|1
2025-08-14 10:59:19.069|C0006|ClaimWorker-13205397247458|PROCESSING|APPROVED|1
2025-08-14 10:59:19.070|C0110|main|NULL|QUEUED|0
2025-08-14 10:59:19.070|C0010|ClaimWorker-13205397247458|PENDING|PROCESSING|1
2025-08-14 10:59:20.113|C0004|ClaimWorker-13205397183125|PROCESSING|TRANSIENT_FAILURE_RETRY|1
2025-08-14 10:59:20.113|C0004|ClaimWorker-13205397183125|PROCESSING|PROCESSING|2
2025-08-14 10:59:20.113|C0002|ClaimWorker-13205396964083|PROCESSING|TRANSIENT_FAILURE_RETRY|1
2025-08-14 10:59:20.114|C0002|ClaimWorker-13205396964083|PROCESSING|PROCESSING|2
2025-08-14 10:59:20.114|C0007|ClaimWorker-13205397315458|PROCESSING|TRANSIENT_FAILURE_RETRY|1
2025-08-14 10:59:20.114|C0007|ClaimWorker-13205397315458|PROCESSING|PROCESSING|2
2025-08-14 10:59:20.114|C0008|ClaimWorker-13205397374375|PROCESSING|TRANSIENT_FAILURE_RETRY|1
2025-08-14 10:59:20.115|C0008|ClaimWorker-13205397374375|PROCESSING|PROCESSING|2
2025-08-14 10:59:20.115|C0005|ClaimWorker-13205397111375|PROCESSING|TRANSIENT_FAILURE_RETRY|1
2025-08-14 10:59:20.115|C0005|ClaimWorker-13205397111375|PROCESSING|PROCESSING|2
2025-08-14 10:59:20.115|C0001|ClaimWorker-13205396096625|PROCESSING|TRANSIENT_FAILURE_RETRY|1
2025-08-14 10:59:20.115|C0001|ClaimWorker-13205396096625|PROCESSING|PROCESSING|2
2025-08-14 10:59:22.779|C0009|ClaimWorker-13205397038291|PROCESSING|TRANSIENT_FAILURE_RETRY|1
2025-08-14 10:59:22.780|C0009|ClaimWorker-13205397038291|PROCESSING|PROCESSING|2
2025-08-14 10:59:22.849|C0008|ClaimWorker-13205397374375|PROCESSING|APPROVED|2
2025-08-14 10:59:22.849|C0111|main|NULL|QUEUED|0
2025-08-14 10:59:22.850|C0011|ClaimWorker-13205397374375|PENDING|PROCESSING|1
2025-08-14 10:59:23.892|C0010|ClaimWorker-13205397247458|PROCESSING|REJECTED|1
2025-08-14 10:59:23.893|C0112|main|NULL|QUEUED|0
2025-08-14 10:59:23.893|C0012|ClaimWorker-13205397247458|PENDING|PROCESSING|1
2025-08-14 10:59:24.975|C0004|ClaimWorker-13205397183125|PROCESSING|REJECTED|2
2025-08-14 10:59:24.976|C0113|main|NULL|QUEUED|0
2025-08-14 10:59:24.976|C0013|ClaimWorker-13205397183125|PENDING|PROCESSING|1
2025-08-14 10:59:25.119|C0002|ClaimWorker-13205396964083|PROCESSING|TRANSIENT_FAILURE_RETRY|2
2025-08-14 10:59:25.120|C0002|ClaimWorker-13205396964083|PROCESSING|PROCESSING|3
2025-08-14 10:59:25.120|C0007|ClaimWorker-13205397315458|PROCESSING|TRANSIENT_FAILURE_RETRY|2
2025-08-14 10:59:25.120|C0007|ClaimWorker-13205397315458|PROCESSING|PROCESSING|3
2025-08-14 10:59:25.120|C0005|ClaimWorker-13205397111375|PROCESSING|TRANSIENT_FAILURE_RETRY|2
2025-08-14 10:59:25.120|C0005|ClaimWorker-13205397111375|PROCESSING|PROCESSING|3
2025-08-14 10:59:25.120|C0001|ClaimWorker-13205396096625|PROCESSING|TRANSIENT_FAILURE_RETRY|2
2025-08-14 10:59:25.120|C0001|ClaimWorker-13205396096625|PROCESSING|PROCESSING|3
2025-08-14 10:59:25.652|C0009|ClaimWorker-13205397038291|PROCESSING|APPROVED|2
2025-08-14 10:59:25.653|C0114|main|NULL|QUEUED|0
2025-08-14 10:59:25.653|C0014|ClaimWorker-13205397038291|PENDING|PROCESSING|1
2025-08-14 10:59:26.526|C0011|ClaimWorker-13205397374375|PROCESSING|APPROVED|1
2025-08-14 10:59:26.527|C0115|main|NULL|QUEUED|0
2025-08-14 10:59:26.527|C0015|ClaimWorker-13205397374375|PENDING|PROCESSING|1
2025-08-14 10:59:27.124|C0007|ClaimWorker-13205397315458|PROCESSING|APPROVED|3
2025-08-14 10:59:27.124|C0116|main|NULL|QUEUED|0
2025-08-14 10:59:27.125|C0016|ClaimWorker-13205397315458|PENDING|PROCESSING|1
2025-08-14 10:59:28.579|C0001|ClaimWorker-13205396096625|PROCESSING|TRANSIENT_FAILURE_RETRY|3
2025-08-14 10:59:28.579|C0001|ClaimWorker-13205396096625|PROCESSING|PROCESSING|4
2025-08-14 10:59:28.894|C0012|ClaimWorker-13205397247458|PROCESSING|TRANSIENT_FAILURE_RETRY|1
2025-08-14 10:59:28.895|C0012|ClaimWorker-13205397247458|PROCESSING|PROCESSING|2
2025-08-14 10:59:29.982|C0013|ClaimWorker-13205397183125|PROCESSING|TRANSIENT_FAILURE_RETRY|1
2025-08-14 10:59:29.983|C0013|ClaimWorker-13205397183125|PROCESSING|PROCESSING|2
2025-08-14 10:59:30.125|C0002|ClaimWorker-13205396964083|PROCESSING|TRANSIENT_FAILURE_RETRY|3
2025-08-14 10:59:30.126|C0002|ClaimWorker-13205396964083|PROCESSING|PROCESSING|4
2025-08-14 10:59:30.126|C0005|ClaimWorker-13205397111375|PROCESSING|TRANSIENT_FAILURE_RETRY|3
2025-08-14 10:59:30.126|C0005|ClaimWorker-13205397111375|PROCESSING|PROCESSING|4
2025-08-14 10:59:30.132|C0015|ClaimWorker-13205397374375|PROCESSING|APPROVED|1
2025-08-14 10:59:30.132|C0117|main|NULL|QUEUED|0
2025-08-14 10:59:30.132|C0017|ClaimWorker-13205397374375|PENDING|PROCESSING|1
2025-08-14 10:59:30.658|C0014|ClaimWorker-13205397038291|PROCESSING|TRANSIENT_FAILURE_RETRY|1
2025-08-14 10:59:30.659|C0014|ClaimWorker-13205397038291|PROCESSING|PROCESSING|2
2025-08-14 10:59:32.129|C0016|ClaimWorker-13205397315458|PROCESSING|TRANSIENT_FAILURE_RETRY|1
2025-08-14 10:59:32.129|C0016|ClaimWorker-13205397315458|PROCESSING|PROCESSING|2
2025-08-14 10:59:33.354|C0001|ClaimWorker-13205396096625|PROCESSING|REJECTED|4
2025-08-14 10:59:33.354|C0118|main|NULL|QUEUED|0
2025-08-14 10:59:33.355|C0018|ClaimWorker-13205396096625|PENDING|PROCESSING|1
2025-08-14 10:59:33.715|C0016|ClaimWorker-13205397315458|PROCESSING|APPROVED|2
2025-08-14 10:59:33.716|C0119|main|NULL|QUEUED|0
2025-08-14 10:59:33.716|C0019|ClaimWorker-13205397315458|PENDING|PROCESSING|1
2025-08-14 10:59:33.874|C0017|ClaimWorker-13205397374375|PROCESSING|TRANSIENT_FAILURE_RETRY|1
2025-08-14 10:59:33.874|C0017|ClaimWorker-13205397374375|PROCESSING|PROCESSING|2
2025-08-14 10:59:33.897|C0012|ClaimWorker-13205397247458|PROCESSING|TRANSIENT_FAILURE_RETRY|2
2025-08-14 10:59:33.898|C0012|ClaimWorker-13205397247458|PROCESSING|PROCESSING|3
2025-08-14 10:59:34.989|C0013|ClaimWorker-13205397183125|PROCESSING|TRANSIENT_FAILURE_RETRY|2
2025-08-14 10:59:34.989|C0013|ClaimWorker-13205397183125|PROCESSING|PROCESSING|3
2025-08-14 10:59:35.083|C0019|ClaimWorker-13205397315458|PROCESSING|APPROVED|1
2025-08-14 10:59:35.084|C0120|main|NULL|QUEUED|0
2025-08-14 10:59:35.084|C0020|ClaimWorker-13205397315458|PENDING|PROCESSING|1
2025-08-14 10:59:35.130|C0002|ClaimWorker-13205396964083|PROCESSING|ESCALATED|4
2025-08-14 10:59:35.130|C0005|ClaimWorker-13205397111375|PROCESSING|ESCALATED|4
2025-08-14 10:59:35.130|C0021|ClaimWorker-13205396964083|PENDING|PROCESSING|1
2025-08-14 10:59:35.130|C0022|ClaimWorker-13205397111375|PENDING|PROCESSING|1
2025-08-14 10:59:35.663|C0014|ClaimWorker-13205397038291|PROCESSING|TRANSIENT_FAILURE_RETRY|2
2025-08-14 10:59:35.663|C0014|ClaimWorker-13205397038291|PROCESSING|PROCESSING|3
2025-08-14 10:59:36.113|C0013|ClaimWorker-13205397183125|PROCESSING|TRANSIENT_FAILURE_RETRY|3
2025-08-14 10:59:36.113|C0013|ClaimWorker-13205397183125|PROCESSING|PROCESSING|4
2025-08-14 10:59:36.558|C0022|ClaimWorker-13205397111375|PROCESSING|APPROVED|1
2025-08-14 10:59:36.559|C0023|ClaimWorker-13205397111375|PENDING|PROCESSING|1
2025-08-14 10:59:37.215|C0023|ClaimWorker-13205397111375|PROCESSING|TRANSIENT_FAILURE_RETRY|1
2025-08-14 10:59:37.216|C0023|ClaimWorker-13205397111375|PROCESSING|PROCESSING|2
2025-08-14 10:59:38.358|C0018|ClaimWorker-13205396096625|PROCESSING|TRANSIENT_FAILURE_RETRY|1
2025-08-14 10:59:38.359|C0018|ClaimWorker-13205396096625|PROCESSING|PROCESSING|2
2025-08-14 10:59:38.542|C0020|ClaimWorker-13205397315458|PROCESSING|APPROVED|1
2025-08-14 10:59:38.542|C0024|ClaimWorker-13205397315458|PENDING|PROCESSING|1
2025-08-14 10:59:38.880|C0017|ClaimWorker-13205397374375|PROCESSING|TRANSIENT_FAILURE_RETRY|2
2025-08-14 10:59:38.880|C0017|ClaimWorker-13205397374375|PROCESSING|PROCESSING|3
2025-08-14 10:59:38.900|C0012|ClaimWorker-13205397247458|PROCESSING|TRANSIENT_FAILURE_RETRY|3
2025-08-14 10:59:38.900|C0012|ClaimWorker-13205397247458|PROCESSING|PROCESSING|4
2025-08-14 10:59:39.184|C0021|ClaimWorker-13205396964083|PROCESSING|REJECTED|1
2025-08-14 10:59:39.185|C0025|ClaimWorker-13205396964083|PENDING|PROCESSING|1
2025-08-14 10:59:40.474|C0023|ClaimWorker-13205397111375|PROCESSING|APPROVED|2
2025-08-14 10:59:40.475|C0026|ClaimWorker-13205397111375|PENDING|PROCESSING|1
2025-08-14 10:59:40.669|C0014|ClaimWorker-13205397038291|PROCESSING|TRANSIENT_FAILURE_RETRY|3
2025-08-14 10:59:40.670|C0014|ClaimWorker-13205397038291|PROCESSING|PROCESSING|4
2025-08-14 10:59:41.116|C0013|ClaimWorker-13205397183125|PROCESSING|ESCALATED|4
2025-08-14 10:59:41.117|C0027|ClaimWorker-13205397183125|PENDING|PROCESSING|1
2025-08-14 10:59:41.242|C0017|ClaimWorker-13205397374375|PROCESSING|APPROVED|3
2025-08-14 10:59:41.242|C0028|ClaimWorker-13205397374375|PENDING|PROCESSING|1
2025-08-14 10:59:41.959|C0018|ClaimWorker-13205396096625|PROCESSING|APPROVED|2
2025-08-14 10:59:41.960|C0029|ClaimWorker-13205396096625|PENDING|PROCESSING|1
2025-08-14 10:59:43.522|C0026|ClaimWorker-13205397111375|PROCESSING|APPROVED|1
2025-08-14 10:59:43.523|C0030|ClaimWorker-13205397111375|PENDING|PROCESSING|1
2025-08-14 10:59:43.544|C0024|ClaimWorker-13205397315458|PROCESSING|TRANSIENT_FAILURE_RETRY|1
2025-08-14 10:59:43.545|C0024|ClaimWorker-13205397315458|PROCESSING|PROCESSING|2
2025-08-14 10:59:43.906|C0012|ClaimWorker-13205397247458|PROCESSING|ESCALATED|4
2025-08-14 10:59:43.906|C0031|ClaimWorker-13205397247458|PENDING|PROCESSING|1
2025-08-14 10:59:44.190|C0025|ClaimWorker-13205396964083|PROCESSING|TRANSIENT_FAILURE_RETRY|1
2025-08-14 10:59:44.190|C0025|ClaimWorker-13205396964083|PROCESSING|PROCESSING|2
2025-08-14 10:59:44.749|C0028|ClaimWorker-13205397374375|PROCESSING|REJECTED|1
2025-08-14 10:59:44.750|C0032|ClaimWorker-13205397374375|PENDING|PROCESSING|1
2025-08-14 10:59:45.675|C0014|ClaimWorker-13205397038291|PROCESSING|ESCALATED|4
2025-08-14 10:59:45.675|C0033|ClaimWorker-13205397038291|PENDING|PROCESSING|1
2025-08-14 10:59:45.919|C0029|ClaimWorker-13205396096625|PROCESSING|REJECTED|1
2025-08-14 10:59:45.919|C0034|ClaimWorker-13205396096625|PENDING|PROCESSING|1
2025-08-14 10:59:46.122|C0027|ClaimWorker-13205397183125|PROCESSING|TRANSIENT_FAILURE_RETRY|1
2025-08-14 10:59:46.123|C0027|ClaimWorker-13205397183125|PROCESSING|PROCESSING|2
2025-08-14 10:59:46.408|C0032|ClaimWorker-13205397374375|PROCESSING|APPROVED|1
2025-08-14 10:59:46.409|C0035|ClaimWorker-13205397374375|PENDING|PROCESSING|1
2025-08-14 10:59:47.538|C0031|ClaimWorker-13205397247458|PROCESSING|APPROVED|1
2025-08-14 10:59:47.538|C0036|ClaimWorker-13205397247458|PENDING|PROCESSING|1
2025-08-14 10:59:48.524|C0030|ClaimWorker-13205397111375|PROCESSING|TRANSIENT_FAILURE_RETRY|1
2025-08-14 10:59:48.524|C0030|ClaimWorker-13205397111375|PROCESSING|PROCESSING|2
2025-08-14 10:59:48.550|C0024|ClaimWorker-13205397315458|PROCESSING|TRANSIENT_FAILURE_RETRY|2
2025-08-14 10:59:48.550|C0024|ClaimWorker-13205397315458|PROCESSING|PROCESSING|3
2025-08-14 10:59:48.980|C0035|ClaimWorker-13205397374375|PROCESSING|REJECTED|1
2025-08-14 10:59:48.980|C0037|ClaimWorker-13205397374375|PENDING|PROCESSING|1
2025-08-14 10:59:49.196|C0025|ClaimWorker-13205396964083|PROCESSING|TRANSIENT_FAILURE_RETRY|2
2025-08-14 10:59:49.197|C0025|ClaimWorker-13205396964083|PROCESSING|PROCESSING|3
2025-08-14 10:59:49.218|C0036|ClaimWorker-13205397247458|PROCESSING|REJECTED|1
2025-08-14 10:59:49.219|C0038|ClaimWorker-13205397247458|PENDING|PROCESSING|1
2025-08-14 10:59:49.363|C0030|ClaimWorker-13205397111375|PROCESSING|TRANSIENT_FAILURE_RETRY|2
2025-08-14 10:59:49.363|C0030|ClaimWorker-13205397111375|PROCESSING|PROCESSING|3
2025-08-14 10:59:49.565|C0038|ClaimWorker-13205397247458|PROCESSING|REJECTED|1
2025-08-14 10:59:49.565|C0039|ClaimWorker-13205397247458|PENDING|PROCESSING|1
2025-08-14 10:59:49.988|C0024|ClaimWorker-13205397315458|PROCESSING|APPROVED|3
2025-08-14 10:59:49.989|C0040|ClaimWorker-13205397315458|PENDING|PROCESSING|1
2025-08-14 10:59:50.196|C0037|ClaimWorker-13205397374375|PROCESSING|APPROVED|1
2025-08-14 10:59:50.197|C0041|ClaimWorker-13205397374375|PENDING|PROCESSING|1
2025-08-14 10:59:50.681|C0033|ClaimWorker-13205397038291|PROCESSING|TRANSIENT_FAILURE_RETRY|1
2025-08-14 10:59:50.681|C0033|ClaimWorker-13205397038291|PROCESSING|PROCESSING|2
2025-08-14 10:59:50.925|C0034|ClaimWorker-13205396096625|PROCESSING|TRANSIENT_FAILURE_RETRY|1
2025-08-14 10:59:50.925|C0034|ClaimWorker-13205396096625|PROCESSING|PROCESSING|2
2025-08-14 10:59:51.056|C0039|ClaimWorker-13205397247458|PROCESSING|APPROVED|1
2025-08-14 10:59:51.057|C0042|ClaimWorker-13205397247458|PENDING|PROCESSING|1
2025-08-14 10:59:51.125|C0027|ClaimWorker-13205397183125|PROCESSING|TRANSIENT_FAILURE_RETRY|2
2025-08-14 10:59:51.125|C0027|ClaimWorker-13205397183125|PROCESSING|PROCESSING|3
2025-08-14 10:59:54.202|C0025|ClaimWorker-13205396964083|PROCESSING|TRANSIENT_FAILURE_RETRY|3
2025-08-14 10:59:54.202|C0025|ClaimWorker-13205396964083|PROCESSING|PROCESSING|4
2025-08-14 10:59:54.369|C0030|ClaimWorker-13205397111375|PROCESSING|TRANSIENT_FAILURE_RETRY|3
2025-08-14 10:59:54.369|C0030|ClaimWorker-13205397111375|PROCESSING|PROCESSING|4
2025-08-14 10:59:54.703|C0033|ClaimWorker-13205397038291|PROCESSING|REJECTED|2
2025-08-14 10:59:54.703|C0043|ClaimWorker-13205397038291|PENDING|PROCESSING|1
2025-08-14 10:59:54.994|C0040|ClaimWorker-13205397315458|PROCESSING|TRANSIENT_FAILURE_RETRY|1
2025-08-14 10:59:54.994|C0040|ClaimWorker-13205397315458|PROCESSING|PROCESSING|2
2025-08-14 10:59:55.201|C0041|ClaimWorker-13205397374375|PROCESSING|TRANSIENT_FAILURE_RETRY|1
2025-08-14 10:59:55.201|C0041|ClaimWorker-13205397374375|PROCESSING|PROCESSING|2
2025-08-14 10:59:55.928|C0034|ClaimWorker-13205396096625|PROCESSING|TRANSIENT_FAILURE_RETRY|2
2025-08-14 10:59:55.929|C0034|ClaimWorker-13205396096625|PROCESSING|PROCESSING|3
2025-08-14 10:59:56.062|C0042|ClaimWorker-13205397247458|PROCESSING|TRANSIENT_FAILURE_RETRY|1
2025-08-14 10:59:56.063|C0042|ClaimWorker-13205397247458|PROCESSING|PROCESSING|2
2025-08-14 10:59:56.130|C0027|ClaimWorker-13205397183125|PROCESSING|TRANSIENT_FAILURE_RETRY|3
2025-08-14 10:59:56.130|C0027|ClaimWorker-13205397183125|PROCESSING|PROCESSING|4
2025-08-14 10:59:56.600|C0025|ClaimWorker-13205396964083|PROCESSING|REJECTED|4
2025-08-14 10:59:56.600|C0044|ClaimWorker-13205396964083|PENDING|PROCESSING|1
2025-08-14 10:59:59.374|C0030|ClaimWorker-13205397111375|PROCESSING|ESCALATED|4
2025-08-14 10:59:59.375|C0045|ClaimWorker-13205397111375|PENDING|PROCESSING|1
2025-08-14 10:59:59.707|C0043|ClaimWorker-13205397038291|PROCESSING|TRANSIENT_FAILURE_RETRY|1
2025-08-14 10:59:59.708|C0043|ClaimWorker-13205397038291|PROCESSING|PROCESSING|2
2025-08-14 10:59:59.998|C0040|ClaimWorker-13205397315458|PROCESSING|TRANSIENT_FAILURE_RETRY|2
2025-08-14 10:59:59.998|C0040|ClaimWorker-13205397315458|PROCESSING|PROCESSING|3
2025-08-14 11:00:00.203|C0041|ClaimWorker-13205397374375|PROCESSING|TRANSIENT_FAILURE_RETRY|2
2025-08-14 11:00:00.203|C0041|ClaimWorker-13205397374375|PROCESSING|PROCESSING|3
2025-08-14 11:00:00.284|C0044|ClaimWorker-13205396964083|PROCESSING|TRANSIENT_FAILURE_RETRY|1
2025-08-14 11:00:00.284|C0044|ClaimWorker-13205396964083|PROCESSING|PROCESSING|2
2025-08-14 11:00:00.592|C0043|ClaimWorker-13205397038291|PROCESSING|APPROVED|2
2025-08-14 11:00:00.593|C0046|ClaimWorker-13205397038291|PENDING|PROCESSING|1
2025-08-14 11:00:00.933|C0034|ClaimWorker-13205396096625|PROCESSING|TRANSIENT_FAILURE_RETRY|3
2025-08-14 11:00:00.934|C0034|ClaimWorker-13205396096625|PROCESSING|PROCESSING|4
2025-08-14 11:00:01.068|C0042|ClaimWorker-13205397247458|PROCESSING|TRANSIENT_FAILURE_RETRY|2
2025-08-14 11:00:01.069|C0042|ClaimWorker-13205397247458|PROCESSING|PROCESSING|3
2025-08-14 11:00:01.136|C0027|ClaimWorker-13205397183125|PROCESSING|ESCALATED|4
2025-08-14 11:00:01.136|C0047|ClaimWorker-13205397183125|PENDING|PROCESSING|1
2025-08-14 11:00:04.376|C0045|ClaimWorker-13205397111375|PROCESSING|TRANSIENT_FAILURE_RETRY|1
2025-08-14 11:00:04.376|C0045|ClaimWorker-13205397111375|PROCESSING|PROCESSING|2
2025-08-14 11:00:04.908|C0034|ClaimWorker-13205396096625|PROCESSING|APPROVED|4
2025-08-14 11:00:04.908|C0048|ClaimWorker-13205396096625|PENDING|PROCESSING|1
2025-08-14 11:00:04.926|C0042|ClaimWorker-13205397247458|PROCESSING|APPROVED|3
2025-08-14 11:00:04.926|C0049|ClaimWorker-13205397247458|PENDING|PROCESSING|1
2025-08-14 11:00:05.000|C0040|ClaimWorker-13205397315458|PROCESSING|TRANSIENT_FAILURE_RETRY|3
2025-08-14 11:00:05.000|C0040|ClaimWorker-13205397315458|PROCESSING|PROCESSING|4
2025-08-14 11:00:05.054|C0045|ClaimWorker-13205397111375|PROCESSING|TRANSIENT_FAILURE_RETRY|2
2025-08-14 11:00:05.054|C0045|ClaimWorker-13205397111375|PROCESSING|PROCESSING|3
2025-08-14 11:00:05.095|C0041|ClaimWorker-13205397374375|PROCESSING|APPROVED|3
2025-08-14 11:00:05.096|C0050|ClaimWorker-13205397374375|PENDING|PROCESSING|1
2025-08-14 11:00:05.238|C0044|ClaimWorker-13205396964083|PROCESSING|APPROVED|2
2025-08-14 11:00:05.238|C0051|ClaimWorker-13205396964083|PENDING|PROCESSING|1
2025-08-14 11:00:05.598|C0046|ClaimWorker-13205397038291|PROCESSING|TRANSIENT_FAILURE_RETRY|1
2025-08-14 11:00:05.598|C0046|ClaimWorker-13205397038291|PROCESSING|PROCESSING|2
2025-08-14 11:00:05.990|C0050|ClaimWorker-13205397374375|PROCESSING|REJECTED|1
2025-08-14 11:00:06.142|C0047|ClaimWorker-13205397183125|PROCESSING|TRANSIENT_FAILURE_RETRY|1
2025-08-14 11:00:06.142|C0047|ClaimWorker-13205397183125|PROCESSING|PROCESSING|2
2025-08-14 11:00:08.410|C0046|ClaimWorker-13205397038291|PROCESSING|APPROVED|2
2025-08-14 11:00:09.914|C0048|ClaimWorker-13205396096625|PROCESSING|TRANSIENT_FAILURE_RETRY|1
2025-08-14 11:00:09.914|C0048|ClaimWorker-13205396096625|PROCESSING|PROCESSING|2
2025-08-14 11:00:09.929|C0049|ClaimWorker-13205397247458|PROCESSING|TRANSIENT_FAILURE_RETRY|1
2025-08-14 11:00:09.930|C0049|ClaimWorker-13205397247458|PROCESSING|PROCESSING|2
2025-08-14 11:00:10.005|C0040|ClaimWorker-13205397315458|PROCESSING|ESCALATED|4
2025-08-14 11:00:10.060|C0045|ClaimWorker-13205397111375|PROCESSING|TRANSIENT_FAILURE_RETRY|3
2025-08-14 11:00:10.060|C0045|ClaimWorker-13205397111375|PROCESSING|PROCESSING|4
2025-08-14 11:00:10.239|C0051|ClaimWorker-13205396964083|PROCESSING|TRANSIENT_FAILURE_RETRY|1
2025-08-14 11:00:10.239|C0051|ClaimWorker-13205396964083|PROCESSING|PROCESSING|2
2025-08-14 11:00:11.148|C0047|ClaimWorker-13205397183125|PROCESSING|TRANSIENT_FAILURE_RETRY|2
2025-08-14 11:00:11.148|C0047|ClaimWorker-13205397183125|PROCESSING|PROCESSING|3
2025-08-14 11:00:11.726|C0049|ClaimWorker-13205397247458|PROCESSING|TRANSIENT_FAILURE_RETRY|2
2025-08-14 11:00:11.727|C0049|ClaimWorker-13205397247458|PROCESSING|PROCESSING|3
